This is pdfTeX, Version 3.141592653-2.6-1.40.24 (MiKTeX 22.10) (preloaded format=pdflatex 2023.8.8)  1 OCT 2024 09:28
entering extended mode
 restricted \write18 enabled.
 %&-line parsing enabled.
**./output/futures/report.tex
(output/futures/report.tex
LaTeX2e <2022-06-01> patch level 5
L3 programming layer <2022-09-28>
(C:\Users\ssymhoven\AppData\Local\Programs\MiKTeX\tex/latex/base\article.cls
Document Class: article 2021/10/04 v1.4n Standard LaTeX document class
(C:\Users\ssymhoven\AppData\Local\Programs\MiKTeX\tex/latex/base\size10.clo
File: size10.clo 2021/10/04 v1.4n Standard LaTeX file (size option)
)
\c@part=\count185
\c@section=\count186
\c@subsection=\count187
\c@subsubsection=\count188
\c@paragraph=\count189
\c@subparagraph=\count190
\c@figure=\count191
\c@table=\count192
\abovecaptionskip=\skip47
\belowcaptionskip=\skip48
\bibindent=\dimen138
)
(C:\Users\ssymhoven\AppData\Local\Programs\MiKTeX\tex/latex/graphics\graphicx.s
ty
Package: graphicx 2021/09/16 v1.2d Enhanced LaTeX Graphics (DPC,SPQR)

(C:\Users\ssymhoven\AppData\Local\Programs\MiKTeX\tex/latex/graphics\keyval.sty
Package: keyval 2022/05/29 v1.15 key=value parser (DPC)
\KV@toks@=\toks16
)
(C:\Users\ssymhoven\AppData\Local\Programs\MiKTeX\tex/latex/graphics\graphics.s
ty
Package: graphics 2022/03/10 v1.4e Standard LaTeX Graphics (DPC,SPQR)

(C:\Users\ssymhoven\AppData\Local\Programs\MiKTeX\tex/latex/graphics\trig.sty
Package: trig 2021/08/11 v1.11 sin cos tan (DPC)
)
(C:\Users\ssymhoven\AppData\Local\Programs\MiKTeX\tex/latex/graphics-cfg\graphi
cs.cfg
File: graphics.cfg 2016/06/04 v1.11 sample graphics configuration
)
Package graphics Info: Driver file: pdftex.def on input line 107.

(C:\Users\ssymhoven\AppData\Local\Programs\MiKTeX\tex/latex/graphics-def\pdftex
.def
File: pdftex.def 2022/09/22 v1.2b Graphics/color driver for pdftex
\stockwidth=\dimen139
\stockheight=\dimen140
))
\Gin@req@height=\dimen141
\Gin@req@width=\dimen142
)
(C:\Users\ssymhoven\AppData\Local\Programs\MiKTeX\tex/latex/float\float.sty
Package: float 2001/11/08 v1.3d Float enhancements (AL)
\c@float@type=\count193
\float@exts=\toks17
\float@box=\box51
\@float@everytoks=\toks18
\@floatcapt=\box52
)
(C:\Users\ssymhoven\AppData\Local\Programs\MiKTeX\tex/latex/geometry\geometry.s
ty
Package: geometry 2020/01/02 v5.9 Page Geometry

(C:\Users\ssymhoven\AppData\Local\Programs\MiKTeX\tex/generic/iftex\ifvtex.sty
Package: ifvtex 2019/10/25 v1.7 ifvtex legacy package. Use iftex instead.

(C:\Users\ssymhoven\AppData\Local\Programs\MiKTeX\tex/generic/iftex\iftex.sty
Package: iftex 2022/02/03 v1.0f TeX engine tests
))
\Gm@cnth=\count194
\Gm@cntv=\count195
\c@Gm@tempcnt=\count196
\Gm@bindingoffset=\dimen143
\Gm@wd@mp=\dimen144
\Gm@odd@mp=\dimen145
\Gm@even@mp=\dimen146
\Gm@layoutwidth=\dimen147
\Gm@layoutheight=\dimen148
\Gm@layouthoffset=\dimen149
\Gm@layoutvoffset=\dimen150
\Gm@dimlist=\toks19

(C:\Users\ssymhoven\AppData\Local\Programs\MiKTeX\tex/latex/geometry\geometry.c
fg))
(C:\Users\ssymhoven\AppData\Local\Programs\MiKTeX\tex/latex/booktabs\booktabs.s
ty
Package: booktabs 2020/01/12 v1.61803398 Publication quality tables
\heavyrulewidth=\dimen151
\lightrulewidth=\dimen152
\cmidrulewidth=\dimen153
\belowrulesep=\dimen154
\belowbottomsep=\dimen155
\aboverulesep=\dimen156
\abovetopsep=\dimen157
\cmidrulesep=\dimen158
\cmidrulekern=\dimen159
\defaultaddspace=\dimen160
\@cmidla=\count197
\@cmidlb=\count198
\@aboverulesep=\dimen161
\@belowrulesep=\dimen162
\@thisruleclass=\count199
\@lastruleclass=\count266
\@thisrulewidth=\dimen163
)
(C:\Users\ssymhoven\AppData\Local\Programs\MiKTeX\tex/latex/tools\multicol.sty
Package: multicol 2021/11/30 v1.9d multicolumn formatting (FMi)
\c@tracingmulticols=\count267
\mult@box=\box53
\multicol@leftmargin=\dimen164
\c@unbalance=\count268
\c@collectmore=\count269
\doublecol@number=\count270
\multicoltolerance=\count271
\multicolpretolerance=\count272
\full@width=\dimen165
\page@free=\dimen166
\premulticols=\dimen167
\postmulticols=\dimen168
\multicolsep=\skip49
\multicolbaselineskip=\skip50
\partial@page=\box54
\last@line=\box55
\maxbalancingoverflow=\dimen169
\mult@rightbox=\box56
\mult@grightbox=\box57
\mult@firstbox=\box58
\mult@gfirstbox=\box59
\@tempa=\box60
\@tempa=\box61
\@tempa=\box62
\@tempa=\box63
\@tempa=\box64
\@tempa=\box65
\@tempa=\box66
\@tempa=\box67
\@tempa=\box68
\@tempa=\box69
\@tempa=\box70
\@tempa=\box71
\@tempa=\box72
\@tempa=\box73
\@tempa=\box74
\@tempa=\box75
\@tempa=\box76
\@tempa=\box77
\@tempa=\box78
\@tempa=\box79
\@tempa=\box80
\@tempa=\box81
\@tempa=\box82
\@tempa=\box83
\@tempa=\box84
\@tempa=\box85
\@tempa=\box86
\@tempa=\box87
\@tempa=\box88
\@tempa=\box89
\@tempa=\box90
\@tempa=\box91
\@tempa=\box92
\@tempa=\box93
\@tempa=\box94
\@tempa=\box95
\c@minrows=\count273
\c@columnbadness=\count274
\c@finalcolumnbadness=\count275
\last@try=\dimen170
\multicolovershoot=\dimen171
\multicolundershoot=\dimen172
\mult@nat@firstbox=\box96
\colbreak@box=\box97
\mc@col@check@num=\count276
)
(C:\Users\ssymhoven\AppData\Local\Programs\MiKTeX\tex/latex/l3backend\l3backend
-pdftex.def
File: l3backend-pdftex.def 2022-09-28 L3 backend support: PDF output (pdfTeX)
\l__color_backend_stack_int=\count277
\l__pdf_internal_box=\box98
)
(C:\Users\ssymhoven\Projekte\drawdown\output\futures\Futures_Drawdown_Overview.
aux)
\openout1 = `Futures_Drawdown_Overview.aux'.

LaTeX Font Info:    Checking defaults for OML/cmm/m/it on input line 10.
LaTeX Font Info:    ... okay on input line 10.
LaTeX Font Info:    Checking defaults for OMS/cmsy/m/n on input line 10.
LaTeX Font Info:    ... okay on input line 10.
LaTeX Font Info:    Checking defaults for OT1/cmr/m/n on input line 10.
LaTeX Font Info:    ... okay on input line 10.
LaTeX Font Info:    Checking defaults for T1/cmr/m/n on input line 10.
LaTeX Font Info:    ... okay on input line 10.
LaTeX Font Info:    Checking defaults for TS1/cmr/m/n on input line 10.
LaTeX Font Info:    ... okay on input line 10.
LaTeX Font Info:    Checking defaults for OMX/cmex/m/n on input line 10.
LaTeX Font Info:    ... okay on input line 10.
LaTeX Font Info:    Checking defaults for U/cmr/m/n on input line 10.
LaTeX Font Info:    ... okay on input line 10.

(C:\Users\ssymhoven\AppData\Local\Programs\MiKTeX\tex/context/base/mkii\supp-pd
f.mkii
[Loading MPS to PDF converter (version 2006.09.02).]
\scratchcounter=\count278
\scratchdimen=\dimen173
\scratchbox=\box99
\nofMPsegments=\count279
\nofMParguments=\count280
\everyMPshowfont=\toks20
\MPscratchCnt=\count281
\MPscratchDim=\dimen174
\MPnumerator=\count282
\makeMPintoPDFobject=\count283
\everyMPtoPDFconversion=\toks21
)
(C:\Users\ssymhoven\AppData\Local\Programs\MiKTeX\tex/latex/epstopdf-pkg\epstop
df-base.sty
Package: epstopdf-base 2020-01-24 v2.11 Base part for package epstopdf
Package epstopdf-base Info: Redefining graphics rule for `.eps' on input line 4
85.

(C:\Users\ssymhoven\AppData\Local\Programs\MiKTeX\tex/latex/00miktex\epstopdf-s
ys.cfg
File: epstopdf-sys.cfg 2021/03/18 v2.0 Configuration of epstopdf for MiKTeX
))
*geometry* driver: auto-detecting
*geometry* detected driver: pdftex
*geometry* verbose mode - [ preamble ] result:
* driver: pdftex
* paper: a4paper
* layout: <same size as paper>
* layoutoffset:(h,v)=(0.0pt,0.0pt)
* modes: landscape 
* h-part:(L,W,R)=(42.67912pt, 759.6886pt, 42.67912pt)
* v-part:(T,H,B)=(42.67912pt, 512.14963pt, 42.67912pt)
* \paperwidth=845.04684pt
* \paperheight=597.50787pt
* \textwidth=759.6886pt
* \textheight=512.14963pt
* \oddsidemargin=-29.59087pt
* \evensidemargin=-29.59087pt
* \topmargin=-66.59087pt
* \headheight=12.0pt
* \headsep=25.0pt
* \topskip=10.0pt
* \footskip=30.0pt
* \marginparwidth=65.0pt
* \marginparsep=11.0pt
* \columnsep=10.0pt
* \skip\footins=9.0pt plus 4.0pt minus 2.0pt
* \hoffset=0.0pt
* \voffset=0.0pt
* \mag=1000
* \@twocolumnfalse
* \@twosidefalse
* \@mparswitchfalse
* \@reversemarginfalse
* (1in=72.27pt=25.4mm, 1cm=28.453pt)

<output/futures/FTSE MIB Index_drawdown.png, id=1, 722.7pt x 144.54pt>
File: output/futures/FTSE MIB Index_drawdown.png Graphic file (type png)
<use output/futures/FTSE MIB Index_drawdown.png>
Package pdftex.def Info: output/futures/FTSE MIB Index_drawdown.png  used on in
put line 19.
(pdftex.def)             Requested size: 374.8443pt x 74.96935pt.
<output/futures/Nikkei 225_drawdown.png, id=3, 722.7pt x 144.54pt>
File: output/futures/Nikkei 225_drawdown.png Graphic file (type png)
<use output/futures/Nikkei 225_drawdown.png>
Package pdftex.def Info: output/futures/Nikkei 225_drawdown.png  used on input 
line 25.
(pdftex.def)             Requested size: 374.8443pt x 74.96935pt.
<output/futures/EURO STOXX 50 Price Index EUR_drawdown.png, id=4, 722.7pt x 144
.54pt>
File: output/futures/EURO STOXX 50 Price Index EUR_drawdown.png Graphic file (t
ype png)
<use output/futures/EURO STOXX 50 Price Index EUR_drawdown.png>
Package pdftex.def Info: output/futures/EURO STOXX 50 Price Index EUR_drawdown.
png  used on input line 31.
(pdftex.def)             Requested size: 374.8443pt x 74.96935pt.
<output/futures/FTSE 100 Index_drawdown.png, id=5, 722.7pt x 144.54pt>
File: output/futures/FTSE 100 Index_drawdown.png Graphic file (type png)
<use output/futures/FTSE 100 Index_drawdown.png>
Package pdftex.def Info: output/futures/FTSE 100 Index_drawdown.png  used on in
put line 37.
(pdftex.def)             Requested size: 374.8443pt x 74.96935pt.
<output/futures/Deutsche Boerse AG German Stock_drawdown.png, id=6, 722.7pt x 1
44.54pt>
File: output/futures/Deutsche Boerse AG German Stock_drawdown.png Graphic file 
(type png)
<use output/futures/Deutsche Boerse AG German Stock_drawdown.png>
Package pdftex.def Info: output/futures/Deutsche Boerse AG German Stock_drawdow
n.png  used on input line 43.
(pdftex.def)             Requested size: 374.8443pt x 74.96935pt.
<output/futures/STOXX Europe 600 Utilities Pri_drawdown.png, id=7, 722.7pt x 14
4.54pt>
File: output/futures/STOXX Europe 600 Utilities Pri_drawdown.png Graphic file (
type png)
<use output/futures/STOXX Europe 600 Utilities Pri_drawdown.png>
Package pdftex.def Info: output/futures/STOXX Europe 600 Utilities Pri_drawdown
.png  used on input line 49.
(pdftex.def)             Requested size: 374.8443pt x 74.96935pt.
<output/futures/NASDAQ 100 Stock Index_drawdown.png, id=8, 722.7pt x 144.54pt>
File: output/futures/NASDAQ 100 Stock Index_drawdown.png Graphic file (type png
)
<use output/futures/NASDAQ 100 Stock Index_drawdown.png>
Package pdftex.def Info: output/futures/NASDAQ 100 Stock Index_drawdown.png  us
ed on input line 55.
(pdftex.def)             Requested size: 374.8443pt x 74.96935pt.
<output/futures/S&P 500 INDEX_drawdown.png, id=9, 722.7pt x 144.54pt>
File: output/futures/S&P 500 INDEX_drawdown.png Graphic file (type png)
<use output/futures/S&P 500 INDEX_drawdown.png>
Package pdftex.def Info: output/futures/S&P 500 INDEX_drawdown.png  used on inp
ut line 61.
(pdftex.def)             Requested size: 374.8443pt x 74.96935pt.
<output/futures/STOXX Europe 600 Industrial Go_drawdown.png, id=10, 722.7pt x 1
44.54pt>
File: output/futures/STOXX Europe 600 Industrial Go_drawdown.png Graphic file (
type png)
<use output/futures/STOXX Europe 600 Industrial Go_drawdown.png>
Package pdftex.def Info: output/futures/STOXX Europe 600 Industrial Go_drawdown
.png  used on input line 67.
(pdftex.def)             Requested size: 374.8443pt x 74.96935pt.
[1

{C:/Users/ssymhoven/AppData/Local/MiKTeX/fonts/map/pdftex/pdftex.map} <./output
/futures/FTSE MIB Index_drawdown.png> <./output/futures/Nikkei 225_drawdown.png
> <./output/futures/EURO STOXX 50 Price Index EUR_drawdown.png> <./output/futur
es/FTSE 100 Index_drawdown.png> <./output/futures/Deutsche Boerse AG German Sto
ck_drawdown.png> <./output/futures/STOXX Europe 600 Utilities Pri_drawdown.png>
 <./output/futures/NASDAQ 100 Stock Index_drawdown.png> <./output/futures/S&P 5
00 INDEX_drawdown.png>] [2 <./output/futures/STOXX Europe 600 Industrial Go_dra
wdown.png>]
(C:\Users\ssymhoven\Projekte\drawdown\output\futures\Futures_Drawdown_Overview.
aux) ) 
Here is how much of TeX's memory you used:
 2209 strings out of 475385
 40376 string characters out of 2775020
 387433 words of memory out of 3000000
 23597 multiletter control sequences out of 15000+600000
 470459 words of font info for 32 fonts, out of 8000000 for 9000
 1141 hyphenation exceptions out of 8191
 55i,6n,62p,218b,318s stack positions out of 10000i,1000n,20000p,200000b,80000s
<C:/Users/ssymhoven/AppData/Local/Programs/MiKTeX/fonts/type1/public/amsf
onts/cm/cmssbx10.pfb>
Output written on C:\Users\ssymhoven\Projekte\drawdown\output\futures\Futures_D
rawdown_Overview.pdf (2 pages, 228940 bytes).
PDF statistics:
 33 PDF objects out of 1000 (max. 8388607)
 0 named destinations out of 1000 (max. 500000)
 46 words of extra memory for PDF output out of 10000 (max. 10000000)

